2026-01-12T16:33:36.871Z [Auth Me] Cookie header present: YES
2026-01-12T16:33:36.873Z [Auth Me] session_id cookie present: YES
2026-01-12T16:33:37.110Z [Auth Me] session lookup: FOUND
2026-01-12T16:33:37.111Z [Auth Me] session.user_id: f010a2d3-80ba-4c25-91ba-50d6269bb921
2026-01-12T16:33:37.350Z [Auth Me] user lookup by ID: FOUND
2026-01-12T17:01:20.364Z [Auth Me] Cookie header present: YES
2026-01-12T17:01:20.367Z [Auth Me] session_id cookie present: YES
2026-01-12T17:01:20.735Z [Auth Me] session lookup: FOUND
2026-01-12T17:01:20.735Z [Auth Me] session.user_id: c485e177-6fea-4deb-8e2a-f097d2f4a31d
2026-01-12T17:01:20.998Z [Auth Me] user lookup by ID: FOUND
2026-01-12T17:01:22.769Z [Auth Me] Cookie header present: YES
2026-01-12T17:01:22.771Z [Auth Me] session_id cookie present: YES
2026-01-12T17:01:23.049Z [Auth Me] session lookup: FOUND
2026-01-12T17:01:23.049Z [Auth Me] session.user_id: c485e177-6fea-4deb-8e2a-f097d2f4a31d
2026-01-12T17:01:23.302Z [Auth Me] user lookup by ID: FOUND
2026-01-12T17:01:23.699Z [Auth Me] Cookie header present: YES
2026-01-12T17:01:23.701Z [Auth Me] session_id cookie present: YES
2026-01-12T17:01:23.958Z [Auth Me] session lookup: FOUND
2026-01-12T17:01:23.958Z [Auth Me] session.user_id: c485e177-6fea-4deb-8e2a-f097d2f4a31d
2026-01-12T17:01:24.212Z [Auth Me] user lookup by ID: FOUND
2026-01-12T17:01:25.937Z [Auth Me] Cookie header present: YES
2026-01-12T17:01:25.939Z [Auth Me] session_id cookie present: YES
2026-01-12T17:01:26.186Z [Auth Me] session lookup: FOUND
2026-01-12T17:01:26.186Z [Auth Me] session.user_id: c485e177-6fea-4deb-8e2a-f097d2f4a31d
2026-01-12T17:01:26.408Z [Auth Me] user lookup by ID: FOUND
2026-01-12T17:02:54.678Z [Auth Me] Cookie header present: YES
2026-01-12T17:02:54.682Z [Auth Me] session_id cookie present: YES
2026-01-12T17:02:55.300Z [Auth Me] session lookup: FOUND
2026-01-12T17:02:55.300Z [Auth Me] session.user_id: c485e177-6fea-4deb-8e2a-f097d2f4a31d
2026-01-12T17:02:55.551Z [Auth Me] user lookup by ID: FOUND
2026-01-12T17:02:55.951Z [Auth Me] Cookie header present: YES
2026-01-12T17:02:55.953Z [Auth Me] session_id cookie present: YES
2026-01-12T17:02:56.195Z [Auth Me] session lookup: FOUND
2026-01-12T17:02:56.196Z [Auth Me] session.user_id: c485e177-6fea-4deb-8e2a-f097d2f4a31d
2026-01-12T17:02:56.445Z [Auth Me] user lookup by ID: FOUND
2026-01-12T17:59:08.070Z [Auth Me] Cookie header present: YES
2026-01-12T17:59:08.071Z [Auth Me] session_id cookie present: YES
2026-01-12T17:59:08.328Z [Auth Me] session lookup: FOUND
2026-01-12T17:59:08.329Z [Auth Me] session.user_id: c485e177-6fea-4deb-8e2a-f097d2f4a31d
2026-01-12T17:59:08.568Z [Auth Me] user lookup by ID: FOUND
2026-01-12T17:59:09.048Z [Auth Me] Cookie header present: YES
2026-01-12T17:59:09.049Z [Auth Me] session_id cookie present: YES
2026-01-12T17:59:09.302Z [Auth Me] session lookup: FOUND
2026-01-12T17:59:09.302Z [Auth Me] session.user_id: c485e177-6fea-4deb-8e2a-f097d2f4a31d
2026-01-12T17:59:09.540Z [Auth Me] user lookup by ID: FOUND
2026-01-12T17:59:10.043Z [Auth Me] Cookie header present: YES
2026-01-12T17:59:10.045Z [Auth Me] session_id cookie present: YES
2026-01-12T17:59:10.276Z [Auth Me] session lookup: FOUND
2026-01-12T17:59:10.276Z [Auth Me] session.user_id: c485e177-6fea-4deb-8e2a-f097d2f4a31d
2026-01-12T17:59:10.506Z [Auth Me] user lookup by ID: FOUND
2026-01-12T17:59:10.990Z [Auth Me] Cookie header present: YES
2026-01-12T17:59:10.991Z [Auth Me] session_id cookie present: YES
2026-01-12T17:59:11.223Z [Auth Me] session lookup: FOUND
2026-01-12T17:59:11.224Z [Auth Me] session.user_id: c485e177-6fea-4deb-8e2a-f097d2f4a31d
2026-01-12T17:59:11.462Z [Auth Me] user lookup by ID: FOUND
2026-01-12T18:00:46.421Z [Auth Me] Cookie header present: YES
2026-01-12T18:00:46.423Z [Auth Me] session_id cookie present: YES
2026-01-12T18:00:46.674Z [Auth Me] session lookup: FOUND
2026-01-12T18:00:46.674Z [Auth Me] session.user_id: c485e177-6fea-4deb-8e2a-f097d2f4a31d
2026-01-12T18:00:46.908Z [Auth Me] user lookup by ID: FOUND
2026-01-12T18:00:47.342Z [Auth Me] Cookie header present: YES
2026-01-12T18:00:47.344Z [Auth Me] session_id cookie present: YES
2026-01-12T18:00:47.578Z [Auth Me] session lookup: FOUND
2026-01-12T18:00:47.578Z [Auth Me] session.user_id: c485e177-6fea-4deb-8e2a-f097d2f4a31d
2026-01-12T18:00:47.812Z [Auth Me] user lookup by ID: FOUND
2026-01-12T18:01:00.009Z [Auth Me] Cookie header present: YES
2026-01-12T18:01:00.015Z [Auth Me] session_id cookie present: YES
2026-01-12T18:01:00.622Z [Auth Me] session lookup: FOUND
2026-01-12T18:01:00.622Z [Auth Me] session.user_id: c485e177-6fea-4deb-8e2a-f097d2f4a31d
2026-01-12T18:01:00.840Z [Auth Me] user lookup by ID: FOUND
2026-01-12T18:01:01.346Z [Auth Me] Cookie header present: YES
2026-01-12T18:01:01.348Z [Auth Me] session_id cookie present: YES
2026-01-12T18:01:01.573Z [Auth Me] session lookup: FOUND
2026-01-12T18:01:01.574Z [Auth Me] session.user_id: c485e177-6fea-4deb-8e2a-f097d2f4a31d
2026-01-12T18:01:01.795Z [Auth Me] user lookup by ID: FOUND
